<?xml version="1.0" encoding="UTF-8"?>
<!-- Generated by org.testng.reporters.JUnitReportReporter -->
<testsuite hostname="inbd01pc0010" failures="0" tests="1" name="com.bits.qa.testcases.UsCanadaSingleDownloadTest" time="67.651" errors="0" timestamp="2020-01-10T14:49:53 IST" skipped="0">
  <testcase classname="com.bits.qa.testcases.UsCanadaSingleDownloadTest" name="verifyCommission1" time="67.651"/>
</testsuite> <!-- com.bits.qa.testcases.UsCanadaSingleDownloadTest -->
