<?xml version="1.0" encoding="UTF-8"?>
<!-- Generated by org.testng.reporters.JUnitReportReporter -->
<testsuite hostname="inbd01pc27278" failures="0" tests="1" name="com.bits.qa.testcases.LoginPageTest" time="47.811" errors="0" timestamp="2019-12-24T15:24:16 IST" skipped="0">
  <testcase classname="com.bits.qa.testcases.LoginPageTest" name="loginTest" time="47.811"/>
</testsuite> <!-- com.bits.qa.testcases.LoginPageTest -->
