<?xml version="1.0" encoding="UTF-8"?>
<!-- Generated by org.testng.reporters.JUnitReportReporter -->
<testsuite hostname="inbd01pc27278" failures="0" tests="1" name="com.bits.qa.testcases.CommissionHistorySingledownloadTest" time="116.780" errors="0" timestamp="2020-01-08T18:29:34 IST" skipped="0">
  <testcase classname="com.bits.qa.testcases.CommissionHistorySingledownloadTest" name="GrandTotal_CommissionComparision" time="116.780"/>
</testsuite> <!-- com.bits.qa.testcases.CommissionHistorySingledownloadTest -->
