<?xml version="1.0" encoding="UTF-8"?>
<!-- Generated by org.testng.reporters.JUnitReportReporter -->
<testsuite hostname="inbd01pc0010" failures="0" tests="1" name="com.bits.qa.testcases.DHRCommissionTest" time="64.806" errors="0" timestamp="2020-01-07T18:39:27 IST" skipped="0">
  <testcase classname="com.bits.qa.testcases.DHRCommissionTest" name="checkDHRdra1" time="64.806"/>
</testsuite> <!-- com.bits.qa.testcases.DHRCommissionTest -->
