<?xml version="1.0" encoding="UTF-8"?>
<!-- Generated by org.testng.reporters.JUnitReportReporter -->
<testsuite hostname="inbd01pc0010" failures="0" tests="1" name="com.bits.qa.testcases.HomePageTest" time="20.463" errors="0" timestamp="2019-12-30T16:57:06 IST" skipped="0">
  <testcase classname="com.bits.qa.testcases.HomePageTest" name="openCD" time="20.463"/>
</testsuite> <!-- com.bits.qa.testcases.HomePageTest -->
