<?xml version="1.0" encoding="UTF-8"?>
<!-- Generated by org.testng.reporters.JUnitReportReporter -->
<testsuite hostname="inbd01pc0010" failures="0" tests="1" name="com.bits.qa.testcases.CommonDashboardTest" time="0.059" errors="0" timestamp="2020-01-10T16:05:15 IST" skipped="0">
  <testcase classname="com.bits.qa.testcases.CommonDashboardTest" name="verifyTitle" time="0.059"/>
</testsuite> <!-- com.bits.qa.testcases.CommonDashboardTest -->
