<?xml version="1.0" encoding="UTF-8"?>
<!-- Generated by org.testng.reporters.JUnitReportReporter -->
<testsuite hostname="inbd01pc27278" failures="0" tests="1" name="com.bits.qa.testcases.CommissionHistorySingledownloadTest" time="64.832" errors="0" timestamp="2020-01-03T14:55:20 IST" skipped="0">
  <testcase classname="com.bits.qa.testcases.CommissionHistorySingledownloadTest" name="GrandTotal_CommissionComparision" time="64.832"/>
</testsuite> <!-- com.bits.qa.testcases.CommissionHistorySingledownloadTest -->
