<?xml version="1.0" encoding="UTF-8"?>
<!-- Generated by org.testng.reporters.JUnitReportReporter -->
<testsuite hostname="inbd01pc0010" failures="0" tests="1" name="com.bits.qa.testcases.SuperAdminDashboardTest" time="50.544" errors="0" timestamp="2020-01-10T16:06:48 IST" skipped="0">
  <testcase classname="com.bits.qa.testcases.SuperAdminDashboardTest" name="newHiresIndia" time="50.544"/>
</testsuite> <!-- com.bits.qa.testcases.SuperAdminDashboardTest -->
