<?xml version="1.0" encoding="UTF-8"?>
<!-- Generated by org.testng.reporters.JUnitReportReporter -->
<testsuite hostname="inbd01pc0010" failures="0" tests="5" name="com.bits.qa.testcases.UsCanadaSingleDownloadTest" time="216.816" errors="0" timestamp="2019-12-31T17:25:04 IST" skipped="0">
  <testcase classname="com.bits.qa.testcases.UsCanadaSingleDownloadTest" name="verifyCommission1" time="42.000"/>
  <testcase classname="com.bits.qa.testcases.UsCanadaSingleDownloadTest" name="verifyCommission2" time="42.095"/>
  <testcase classname="com.bits.qa.testcases.UsCanadaSingleDownloadTest" name="verifyCommission3" time="41.336"/>
  <testcase classname="com.bits.qa.testcases.UsCanadaSingleDownloadTest" name="verifyCommission4" time="46.275"/>
  <testcase classname="com.bits.qa.testcases.UsCanadaSingleDownloadTest" name="verifyCommission5" time="45.110"/>
</testsuite> <!-- com.bits.qa.testcases.UsCanadaSingleDownloadTest -->
