<?xml version="1.0" encoding="UTF-8"?>
<!-- Generated by org.testng.reporters.JUnitReportReporter -->
<testsuite hostname="inbd01pc0010" failures="0" tests="1" name="com.bits.qa.testcases.CommonDashboardTest" time="0.084" errors="0" timestamp="2020-01-06T17:27:59 IST" skipped="0">
  <testcase classname="com.bits.qa.testcases.CommonDashboardTest" name="verifyTitle" time="0.084"/>
</testsuite> <!-- com.bits.qa.testcases.CommonDashboardTest -->
