<?xml version="1.0" encoding="UTF-8"?>
<!-- Generated by org.testng.reporters.JUnitReportReporter -->
<testsuite hostname="inbd01pc27278" failures="0" tests="1" name="com.bits.qa.testcases.CommissionHistorySingledownloadTest" time="103.555" errors="0" timestamp="2019-12-31T13:45:43 IST" skipped="0">
  <testcase classname="com.bits.qa.testcases.CommissionHistorySingledownloadTest" name="GrandTotal_CommissionComparision" time="103.555"/>
</testsuite> <!-- com.bits.qa.testcases.CommissionHistorySingledownloadTest -->
