<?xml version="1.0" encoding="UTF-8"?>
<!-- Generated by org.testng.reporters.JUnitReportReporter -->
<testsuite hostname="inbd01pc0010" failures="0" tests="1" name="com.bits.qa.testcases.LoginPageTest" time="41.252" errors="0" timestamp="2020-01-02T13:05:29 IST" skipped="0">
  <testcase classname="com.bits.qa.testcases.LoginPageTest" name="loginTest" time="41.252"/>
</testsuite> <!-- com.bits.qa.testcases.LoginPageTest -->
