<?xml version="1.0" encoding="UTF-8"?>
<!-- Generated by org.testng.reporters.JUnitReportReporter -->
<testsuite hostname="inbd01pc0010" failures="0" tests="1" name="com.bits.qa.testcases.CommonDashboardTest" time="10.065" errors="0" timestamp="2019-12-30T16:10:19 IST" skipped="0">
  <testcase classname="com.bits.qa.testcases.CommonDashboardTest" name="verifyTitle" time="10.065"/>
</testsuite> <!-- com.bits.qa.testcases.CommonDashboardTest -->
