<?xml version="1.0" encoding="UTF-8"?>
<!-- Generated by org.testng.reporters.JUnitReportReporter -->
<testsuite hostname="inbd01pc0010" failures="0" tests="1" name="com.bits.qa.testcases.HomePageTest" time="0.069" errors="0" timestamp="2020-01-07T12:38:30 IST" skipped="0">
  <testcase classname="com.bits.qa.testcases.HomePageTest" name="test" time="0.069"/>
</testsuite> <!-- com.bits.qa.testcases.HomePageTest -->
