<?xml version="1.0" encoding="UTF-8"?>
<!-- Generated by org.testng.reporters.JUnitReportReporter -->
<testsuite hostname="inbd01pc27278" failures="0" tests="1" name="com.bits.qa.testcases.LoginPageTest" time="62.086" errors="0" timestamp="2019-12-24T18:51:09 IST" skipped="0">
  <testcase classname="com.bits.qa.testcases.LoginPageTest" name="loginTest" time="62.086"/>
</testsuite> <!-- com.bits.qa.testcases.LoginPageTest -->
