<?xml version="1.0" encoding="UTF-8"?>
<!-- Generated by org.testng.reporters.JUnitReportReporter -->
<testsuite hostname="inbd01pc0010" failures="0" tests="2" name="com.bits.qa.testcases.DHRCommissionTest" time="130.067" errors="0" timestamp="2020-01-09T15:33:04 IST" skipped="0">
  <testcase classname="com.bits.qa.testcases.DHRCommissionTest" name="checkDHRsal1" time="63.353"/>
  <testcase classname="com.bits.qa.testcases.DHRCommissionTest" name="checkDHRdra1" time="66.714"/>
</testsuite> <!-- com.bits.qa.testcases.DHRCommissionTest -->
