<?xml version="1.0" encoding="UTF-8"?>
<!-- Generated by org.testng.reporters.JUnitReportReporter -->
<testsuite hostname="inbd01pc27278" failures="0" tests="1" name="com.bits.qa.testcases.LoginPageTest" time="50.966" errors="0" timestamp="26 Dec 2019 12:17:11 GMT">
  <testcase classname="com.bits.qa.testcases.LoginPageTest" name="loginTest" time="50.966"/>
</testsuite> <!-- com.bits.qa.testcases.LoginPageTest -->
